<?xml version="1.0" encoding="utf-8"?>
<!--This file represents the results of running a test suite-->
<test-results name="Unity Tests" total="6" errors="1" failures="0" not-run="0" inconclusive="0" ignored="0" skipped="0" invalid="0" date="2017-01-11" time="09:36:16">
  <environment nunit-version="2.6.4-Unity" clr-version="2.0.50727.1433" os-version="Microsoft Windows NT 10.0.14393.0" platform="Win32NT" cwd="E:\Workspace\Git\lcgc\unity3d-unit-testing-example" machine-name="CHICKENPC32" user="eamonwoortman" user-domain="CHICKENPC32" unity-version="5.4.0f3" unity-platform="WindowsEditor" />
  <culture-info current-culture="en-US" current-uiculture="en-US" />
  <test-suite name="unity3d-unit-testing-example" type="Assembly" executed="True" result="Success" success="True" time="0.151">
    <results>
      <test-case name="FireTurretCommandTest.FireTurretCommandTest_Execute" executed="True" result="Error" success="False" time="0.130">
        <failure>
          <message>
<![CDATA[NSubstitute.Exceptions.ReceivedCallsException : Expected to receive a call matching:
	Fire()
Actually received no matching calls.
]]>
          </message>
          <stack-trace>
<![CDATA[at NSubstitute.Core.ReceivedCallsExceptionThrower.Throw (ICallSpecification callSpecification, IEnumerable`1 matchingCalls, IEnumerable`1 nonMatchingCalls, NSubstitute.Core.Quantity requiredQuantity) [0x00000] in <filename unknown>:0
at NSubstitute.Routing.Handlers.CheckReceivedCallsHandler.Handle (ICall call) [0x00000] in <filename unknown>:0
at NSubstitute.Routing.Route+<>c__DisplayClass3.<Handle>b__0 (ICallHandler x) [0x00000] in <filename unknown>:0
at System.Linq.Enumerable+<CreateSelectIterator>c__Iterator10`2[NSubstitute.Core.ICallHandler,NSubstitute.Core.RouteAction].MoveNext () [0x00000] in <filename unknown>:0
at System.Linq.Enumerable.First[RouteAction] (IEnumerable`1 source, System.Func`2 predicate, Fallback fallback) [0x00000] in <filename unknown>:0
at System.Linq.Enumerable.FirstOrDefault[RouteAction] (IEnumerable`1 source, System.Func`2 predicate) [0x00000] in <filename unknown>:0
at NSubstitute.Routing.Route.Handle (ICall call) [0x00000] in <filename unknown>:0
at NSubstitute.Core.CallRouter.Route (ICall call) [0x00000] in <filename unknown>:0
at NSubstitute.Proxies.CastleDynamicProxy.CastleForwardingInterceptor.Intercept (IInvocation invocation) [0x00000] in <filename unknown>:0
at Castle.DynamicProxy.AbstractInvocation.Proceed () [0x00000] in <filename unknown>:0
at Castle.Proxies.ITurretProxy.Fire () [0x00000] in <filename unknown>:0
at FireTurretCommandTest.FireTurretCommandTest_Execute () [0x0001f] in E:\Workspace\Git\lcgc\unity3d-unit-testing-example\Assets\Scripts\Editor\UnitTests\Game\Commands\FireTurretCommandTest.cs:15
]]>
          </stack-trace>
        </failure>
      </test-case>
      <test-case name="KillEnemyCommandTest.KillEnemyCommandTest_Execute_Destroys_Enemy" executed="True" result="Success" success="True" time="0.012">
      </test-case>
      <test-case name="KillEnemyCommandTest.KillEnemyCommandTest_Execute_Increments_Score" executed="True" result="Success" success="True" time="0.003">
      </test-case>
      <test-case name="ScoreTest.ScoreTest_AddScore_DispatchesScoreChangedSignal" executed="True" result="Success" success="True" time="0.001">
      </test-case>
      <test-case name="ScoreTest.ScoreTest_AddScore_IncrementsScore" executed="True" result="Success" success="True" time="0.004">
      </test-case>
      <test-case name="SpawnEnemyCommandTest.SpawnEnemyCommandTest_Execute" executed="True" result="Success" success="True" time="0.001">
      </test-case>
    </results>
  </test-suite>
</test-results>
